# JRE version: OpenJDK Runtime Environment (8.0_76-b03) (build 1.8.0_76-release-b03)
# Java VM: OpenJDK 64-Bit Server VM (25.76-b03 mixed mode windows-amd64 compressed oops)
Heap:
 PSYoungGen      total 372736K, used 147191K [0x00000000e0000000, 0x00000000ffb00000, 0x0000000100000000)
  eden space 227328K, 14% used [0x00000000e0000000,0x00000000e1f95d50,0x00000000ede00000)
  from space 145408K, 78% used [0x00000000ede00000,0x00000000f4e28208,0x00000000f6c00000)
  to   space 145408K, 0% used [0x00000000f6c00000,0x00000000f6c00000,0x00000000ffa00000)
 ParOldGen       total 1048576K, used 848423K [0x00000000a0000000, 0x00000000e0000000, 0x00000000e0000000)
  object space 1048576K, 80% used [0x00000000a0000000,0x00000000d3c89e50,0x00000000e0000000)
 Metaspace       used 68136K, capacity 69678K, committed 70016K, reserved 1110016K
  class space    used 8660K, capacity 9019K, committed 9088K, reserved 1048576K
GC Heap History (10 events):
Event: 87.793 GC heap before
{Heap before GC invocations=51 (full 11):
 PSYoungGen      total 372736K, used 227328K [0x00000000e0000000, 0x00000000ffb00000, 0x0000000100000000)
  eden space 227328K, 100% used [0x00000000e0000000,0x00000000ede00000,0x00000000ede00000)
  from space 145408K, 0% used [0x00000000f6c00000,0x00000000f6c00000,0x00000000ffa00000)
  to   space 145408K, 0% used [0x00000000ede00000,0x00000000ede00000,0x00000000f6c00000)
 ParOldGen       total 848896K, used 846999K [0x00000000a0000000, 0x00000000d3d00000, 0x00000000e0000000)
  object space 848896K, 99% used [0x00000000a0000000,0x00000000d3b25e50,0x00000000d3d00000)
 Metaspace       used 68132K, capacity 69678K, committed 70016K, reserved 1110016K
  class space    used 8660K, capacity 9019K, committed 9088K, reserved 1048576K
Event: 91.064 GC heap after
Heap after GC invocations=51 (full 11):
 PSYoungGen      total 372736K, used 27861K [0x00000000e0000000, 0x00000000ffb00000, 0x0000000100000000)
  eden space 227328K, 12% used [0x00000000e0000000,0x00000000e1b35760,0x00000000ede00000)
  from space 145408K, 0% used [0x00000000f6c00000,0x00000000f6c00000,0x00000000ffa00000)
  to   space 145408K, 0% used [0x00000000ede00000,0x00000000ede00000,0x00000000f6c00000)
 ParOldGen       total 848896K, used 848861K [0x00000000a0000000, 0x00000000d3d00000, 0x00000000e0000000)
  object space 848896K, 99% used [0x00000000a0000000,0x00000000d3cf7760,0x00000000d3d00000)
 Metaspace       used 68132K, capacity 69678K, committed 70016K, reserved 1110016K
  class space    used 8660K, capacity 9019K, committed 9088K, reserved 1048576K
}
Event: 91.263 GC heap before
{Heap before GC invocations=52 (full 12):
 PSYoungGen      total 372736K, used 227328K [0x00000000e0000000, 0x00000000ffb00000, 0x0000000100000000)
  eden space 227328K, 100% used [0x00000000e0000000,0x00000000ede00000,0x00000000ede00000)
  from space 145408K, 0% used [0x00000000f6c00000,0x00000000f6c00000,0x00000000ffa00000)
  to   space 145408K, 0% used [0x00000000ede00000,0x00000000ede00000,0x00000000f6c00000)
 ParOldGen       total 848896K, used 848861K [0x00000000a0000000, 0x00000000d3d00000, 0x00000000e0000000)
  object space 848896K, 99% used [0x00000000a0000000,0x00000000d3cf7760,0x00000000d3d00000)
 Metaspace       used 68132K, capacity 69678K, committed 70016K, reserved 1110016K
  class space    used 8660K, capacity 9019K, committed 9088K, reserved 1048576K
Event: 93.282 GC heap after
Heap after GC invocations=52 (full 12):
 PSYoungGen      total 372736K, used 57286K [0x00000000e0000000, 0x00000000ffb00000, 0x0000000100000000)
  eden space 227328K, 25% used [0x00000000e0000000,0x00000000e37f1b80,0x00000000ede00000)
  from space 145408K, 0% used [0x00000000f6c00000,0x00000000f6c00000,0x00000000ffa00000)
  to   space 145408K, 0% used [0x00000000ede00000,0x00000000ede00000,0x00000000f6c00000)
 ParOldGen       total 848896K, used 848684K [0x00000000a0000000, 0x00000000d3d00000, 0x00000000e0000000)
  object space 848896K, 99% used [0x00000000a0000000,0x00000000d3ccb180,0x00000000d3d00000)
 Metaspace       used 68132K, capacity 69678K, committed 70016K, reserved 1110016K
  class space    used 8660K, capacity 9019K, committed 9088K, reserved 1048576K
}
Event: 93.423 GC heap before
{Heap before GC invocations=53 (full 13):
 PSYoungGen      total 372736K, used 227328K [0x00000000e0000000, 0x00000000ffb00000, 0x0000000100000000)
  eden space 227328K, 100% used [0x00000000e0000000,0x00000000ede00000,0x00000000ede00000)
  from space 145408K, 0% used [0x00000000f6c00000,0x00000000f6c00000,0x00000000ffa00000)
  to   space 145408K, 0% used [0x00000000ede00000,0x00000000ede00000,0x00000000f6c00000)
 ParOldGen       total 848896K, used 848684K [0x00000000a0000000, 0x00000000d3d00000, 0x00000000e0000000)
  object space 848896K, 99% used [0x00000000a0000000,0x00000000d3ccb180,0x00000000d3d00000)
 Metaspace       used 68136K, capacity 69678K, committed 70016K, reserved 1110016K
  class space    used 8660K, capacity 9019K, committed 9088K, reserved 1048576K
Event: 96.318 GC heap after
Heap after GC invocations=53 (full 13):
 PSYoungGen      total 372736K, used 73639K [0x00000000e0000000, 0x00000000ffb00000, 0x0000000100000000)
  eden space 227328K, 32% used [0x00000000e0000000,0x00000000e47e9eb0,0x00000000ede00000)
  from space 145408K, 0% used [0x00000000f6c00000,0x00000000f6c00000,0x00000000ffa00000)
  to   space 145408K, 0% used [0x00000000ede00000,0x00000000ede00000,0x00000000f6c00000)
 ParOldGen       total 848896K, used 848424K [0x00000000a0000000, 0x00000000d3d00000, 0x00000000e0000000)
  object space 848896K, 99% used [0x00000000a0000000,0x00000000d3c8a3b0,0x00000000d3d00000)
 Metaspace       used 68136K, capacity 69678K, committed 70016K, reserved 1110016K
  class space    used 8660K, capacity 9019K, committed 9088K, reserved 1048576K
}
Event: 96.421 GC heap before
{Heap before GC invocations=54 (full 14):
 PSYoungGen      total 372736K, used 227328K [0x00000000e0000000, 0x00000000ffb00000, 0x0000000100000000)
  eden space 227328K, 100% used [0x00000000e0000000,0x00000000ede00000,0x00000000ede00000)
  from space 145408K, 0% used [0x00000000f6c00000,0x00000000f6c00000,0x00000000ffa00000)
  to   space 145408K, 0% used [0x00000000ede00000,0x00000000ede00000,0x00000000f6c00000)
 ParOldGen       total 848896K, used 848424K [0x00000000a0000000, 0x00000000d3d00000, 0x00000000e0000000)
  object space 848896K, 99% used [0x00000000a0000000,0x00000000d3c8a3b0,0x00000000d3d00000)
 Metaspace       used 68136K, capacity 69678K, committed 70016K, reserved 1110016K
  class space    used 8660K, capacity 9019K, committed 9088K, reserved 1048576K
Event: 98.323 GC heap after
Heap after GC invocations=54 (full 14):
 PSYoungGen      total 372736K, used 95114K [0x00000000e0000000, 0x00000000ffb00000, 0x0000000100000000)
  eden space 227328K, 41% used [0x00000000e0000000,0x00000000e5ce2800,0x00000000ede00000)
  from space 145408K, 0% used [0x00000000f6c00000,0x00000000f6c00000,0x00000000ffa00000)
  to   space 145408K, 0% used [0x00000000ede00000,0x00000000ede00000,0x00000000f6c00000)
 ParOldGen       total 1048576K, used 848423K [0x00000000a0000000, 0x00000000e0000000, 0x00000000e0000000)
  object space 1048576K, 80% used [0x00000000a0000000,0x00000000d3c89e50,0x00000000e0000000)
 Metaspace       used 68136K, capacity 69678K, committed 70016K, reserved 1110016K
  class space    used 8660K, capacity 9019K, committed 9088K, reserved 1048576K
}
Event: 98.420 GC heap before
{Heap before GC invocations=55 (full 14):
 PSYoungGen      total 372736K, used 227328K [0x00000000e0000000, 0x00000000ffb00000, 0x0000000100000000)
  eden space 227328K, 100% used [0x00000000e0000000,0x00000000ede00000,0x00000000ede00000)
  from space 145408K, 0% used [0x00000000f6c00000,0x00000000f6c00000,0x00000000ffa00000)
  to   space 145408K, 0% used [0x00000000ede00000,0x00000000ede00000,0x00000000f6c00000)
 ParOldGen       total 1048576K, used 848423K [0x00000000a0000000, 0x00000000e0000000, 0x00000000e0000000)
  object space 1048576K, 80% used [0x00000000a0000000,0x00000000d3c89e50,0x00000000e0000000)
 Metaspace       used 68136K, capacity 69678K, committed 70016K, reserved 1110016K
  class space    used 8660K, capacity 9019K, committed 9088K, reserved 1048576K
Event: 98.610 GC heap after
Heap after GC invocations=55 (full 14):
 PSYoungGen      total 372736K, used 114848K [0x00000000e0000000, 0x00000000ffb00000, 0x0000000100000000)
  eden space 227328K, 0% used [0x00000000e0000000,0x00000000e0000000,0x00000000ede00000)
  from space 145408K, 78% used [0x00000000ede00000,0x00000000f4e28208,0x00000000f6c00000)
  to   space 145408K, 0% used [0x00000000f6c00000,0x00000000f6c00000,0x00000000ffa00000)
 ParOldGen       total 1048576K, used 848423K [0x00000000a0000000, 0x00000000e0000000, 0x00000000e0000000)
  object space 1048576K, 80% used [0x00000000a0000000,0x00000000d3c89e50,0x00000000e0000000)
 Metaspace       used 68136K, capacity 69678K, committed 70016K, reserved 1110016K
  class space    used 8660K, capacity 9019K, committed 9088K, reserved 1048576K
}

