Determining if the pthread_create exist failed with the following output:
Change Dir: /home/pi/dashgo_ws/build/CMakeFiles/CMakeTmp

Run Build Command:"/usr/bin/make" "cmTryCompileExec2345456968/fast"
/usr/bin/make -f CMakeFiles/cmTryCompileExec2345456968.dir/build.make CMakeFiles/cmTryCompileExec2345456968.dir/build
make[1]: Entering directory '/home/pi/dashgo_ws/build/CMakeFiles/CMakeTmp'
/usr/bin/cmake -E cmake_progress_report /home/pi/dashgo_ws/build/CMakeFiles/CMakeTmp/CMakeFiles 1
Building C object CMakeFiles/cmTryCompileExec2345456968.dir/CheckSymbolExists.c.o
/usr/bin/cc    -o CMakeFiles/cmTryCompileExec2345456968.dir/CheckSymbolExists.c.o   -c /home/pi/dashgo_ws/build/CMakeFiles/CMakeTmp/CheckSymbolExists.c
Linking C executable cmTryCompileExec2345456968
/usr/bin/cmake -E cmake_link_script CMakeFiles/cmTryCompileExec2345456968.dir/link.txt --verbose=1
/usr/bin/cc       CMakeFiles/cmTryCompileExec2345456968.dir/CheckSymbolExists.c.o  -o cmTryCompileExec2345456968 -rdynamic 
CMakeFiles/cmTryCompileExec2345456968.dir/CheckSymbolExists.c.o: In function `main':
CheckSymbolExists.c:(.text+0x38): undefined reference to `pthread_create'
collect2: error: ld returned 1 exit status
CMakeFiles/cmTryCompileExec2345456968.dir/build.make:88: recipe for target 'cmTryCompileExec2345456968' failed
make[1]: *** [cmTryCompileExec2345456968] Error 1
make[1]: Leaving directory '/home/pi/dashgo_ws/build/CMakeFiles/CMakeTmp'
Makefile:118: recipe for target 'cmTryCompileExec2345456968/fast' failed
make: *** [cmTryCompileExec2345456968/fast] Error 2

File /home/pi/dashgo_ws/build/CMakeFiles/CMakeTmp/CheckSymbolExists.c:
/* */
#include <pthread.h>

int main(int argc, char** argv)
{
  (void)argv;
#ifndef pthread_create
  return ((int*)(&pthread_create))[argc];
#else
  (void)argc;
  return 0;
#endif
}

Determining if the function pthread_create exists in the pthreads failed with the following output:
Change Dir: /home/pi/dashgo_ws/build/CMakeFiles/CMakeTmp

Run Build Command:"/usr/bin/make" "cmTryCompileExec278150698/fast"
/usr/bin/make -f CMakeFiles/cmTryCompileExec278150698.dir/build.make CMakeFiles/cmTryCompileExec278150698.dir/build
make[1]: Entering directory '/home/pi/dashgo_ws/build/CMakeFiles/CMakeTmp'
/usr/bin/cmake -E cmake_progress_report /home/pi/dashgo_ws/build/CMakeFiles/CMakeTmp/CMakeFiles 1
Building C object CMakeFiles/cmTryCompileExec278150698.dir/CheckFunctionExists.c.o
/usr/bin/cc   -DCHECK_FUNCTION_EXISTS=pthread_create   -o CMakeFiles/cmTryCompileExec278150698.dir/CheckFunctionExists.c.o   -c /usr/share/cmake-3.0/Modules/CheckFunctionExists.c
Linking C executable cmTryCompileExec278150698
/usr/bin/cmake -E cmake_link_script CMakeFiles/cmTryCompileExec278150698.dir/link.txt --verbose=1
/usr/bin/cc   -DCHECK_FUNCTION_EXISTS=pthread_create    CMakeFiles/cmTryCompileExec278150698.dir/CheckFunctionExists.c.o  -o cmTryCompileExec278150698 -rdynamic -lpthreads 
/usr/bin/ld: cannot find -lpthreads
collect2: error: ld returned 1 exit status
CMakeFiles/cmTryCompileExec278150698.dir/build.make:88: recipe for target 'cmTryCompileExec278150698' failed
make[1]: Leaving directory '/home/pi/dashgo_ws/build/CMakeFiles/CMakeTmp'
make[1]: *** [cmTryCompileExec278150698] Error 1
Makefile:118: recipe for target 'cmTryCompileExec278150698/fast' failed
make: *** [cmTryCompileExec278150698/fast] Error 2


